This is pdfTeX, Version 3.141592653-2.6-1.40.24 (TeX Live 2022) (preloaded format=pdflatex 2022.5.18)  18 MAY 2022 17:19
entering extended mode
 restricted \write18 enabled.
 %&-line parsing enabled.
**Enunciado_taller2_chistes_con_metadatos.tex
(./Enunciado_taller2_chistes_con_metadatos.tex
LaTeX2e <2021-11-15> patch level 1
L3 programming layer <2022-05-04> (/home/x1r/.TinyTeX/texmf-dist/tex/latex/base/article.cls
Document Class: article 2021/10/04 v1.4n Standard LaTeX document class
(/home/x1r/.TinyTeX/texmf-dist/tex/latex/base/size10.clo
File: size10.clo 2021/10/04 v1.4n Standard LaTeX file (size option)
)
\c@part=\count185
\c@section=\count186
\c@subsection=\count187
\c@subsubsection=\count188
\c@paragraph=\count189
\c@subparagraph=\count190
\c@figure=\count191
\c@table=\count192
\abovecaptionskip=\skip47
\belowcaptionskip=\skip48
\bibindent=\dimen138
) (/home/x1r/.TinyTeX/texmf-dist/tex/latex/lm/lmodern.sty
Package: lmodern 2015/05/01 v1.6.1 Latin Modern Fonts
LaTeX Font Info:    Overwriting symbol font `operators' in version `normal'
(Font)                  OT1/cmr/m/n --> OT1/lmr/m/n on input line 22.
LaTeX Font Info:    Overwriting symbol font `letters' in version `normal'
(Font)                  OML/cmm/m/it --> OML/lmm/m/it on input line 23.
LaTeX Font Info:    Overwriting symbol font `symbols' in version `normal'
(Font)                  OMS/cmsy/m/n --> OMS/lmsy/m/n on input line 24.
LaTeX Font Info:    Overwriting symbol font `largesymbols' in version `normal'
(Font)                  OMX/cmex/m/n --> OMX/lmex/m/n on input line 25.
LaTeX Font Info:    Overwriting symbol font `operators' in version `bold'
(Font)                  OT1/cmr/bx/n --> OT1/lmr/bx/n on input line 26.
LaTeX Font Info:    Overwriting symbol font `letters' in version `bold'
(Font)                  OML/cmm/b/it --> OML/lmm/b/it on input line 27.
LaTeX Font Info:    Overwriting symbol font `symbols' in version `bold'
(Font)                  OMS/cmsy/b/n --> OMS/lmsy/b/n on input line 28.
LaTeX Font Info:    Overwriting symbol font `largesymbols' in version `bold'
(Font)                  OMX/cmex/m/n --> OMX/lmex/m/n on input line 29.
LaTeX Font Info:    Overwriting math alphabet `\mathbf' in version `normal'
(Font)                  OT1/cmr/bx/n --> OT1/lmr/bx/n on input line 31.
LaTeX Font Info:    Overwriting math alphabet `\mathsf' in version `normal'
(Font)                  OT1/cmss/m/n --> OT1/lmss/m/n on input line 32.
LaTeX Font Info:    Overwriting math alphabet `\mathit' in version `normal'
(Font)                  OT1/cmr/m/it --> OT1/lmr/m/it on input line 33.
LaTeX Font Info:    Overwriting math alphabet `\mathtt' in version `normal'
(Font)                  OT1/cmtt/m/n --> OT1/lmtt/m/n on input line 34.
LaTeX Font Info:    Overwriting math alphabet `\mathbf' in version `bold'
(Font)                  OT1/cmr/bx/n --> OT1/lmr/bx/n on input line 35.
LaTeX Font Info:    Overwriting math alphabet `\mathsf' in version `bold'
(Font)                  OT1/cmss/bx/n --> OT1/lmss/bx/n on input line 36.
LaTeX Font Info:    Overwriting math alphabet `\mathit' in version `bold'
(Font)                  OT1/cmr/bx/it --> OT1/lmr/bx/it on input line 37.
LaTeX Font Info:    Overwriting math alphabet `\mathtt' in version `bold'
(Font)                  OT1/cmtt/m/n --> OT1/lmtt/m/n on input line 38.
) (/home/x1r/.TinyTeX/texmf-dist/tex/latex/amsfonts/amssymb.sty
Package: amssymb 2013/01/14 v3.01 AMS font symbols
(/home/x1r/.TinyTeX/texmf-dist/tex/latex/amsfonts/amsfonts.sty
Package: amsfonts 2013/01/14 v3.01 Basic AMSFonts support
\@emptytoks=\toks16
\symAMSa=\mathgroup4
\symAMSb=\mathgroup5
LaTeX Font Info:    Redeclaring math symbol \hbar on input line 98.
LaTeX Font Info:    Overwriting math alphabet `\mathfrak' in version `bold'
(Font)                  U/euf/m/n --> U/euf/b/n on input line 106.
)) (/home/x1r/.TinyTeX/texmf-dist/tex/latex/amsmath/amsmath.sty
Package: amsmath 2021/10/15 v2.17l AMS math features
\@mathmargin=\skip49
For additional information on amsmath, use the `?' option.
(/home/x1r/.TinyTeX/texmf-dist/tex/latex/amsmath/amstext.sty
Package: amstext 2021/08/26 v2.01 AMS text
(/home/x1r/.TinyTeX/texmf-dist/tex/latex/amsmath/amsgen.sty
File: amsgen.sty 1999/11/30 v2.0 generic functions
\@emptytoks=\toks17
\ex@=\dimen139
)) (/home/x1r/.TinyTeX/texmf-dist/tex/latex/amsmath/amsbsy.sty
Package: amsbsy 1999/11/29 v1.2d Bold Symbols
\pmbraise@=\dimen140
) (/home/x1r/.TinyTeX/texmf-dist/tex/latex/amsmath/amsopn.sty
Package: amsopn 2021/08/26 v2.02 operator names
)
\inf@bad=\count193
LaTeX Info: Redefining \frac on input line 234.
\uproot@=\count194
\leftroot@=\count195
LaTeX Info: Redefining \overline on input line 399.
\classnum@=\count196
\DOTSCASE@=\count197
LaTeX Info: Redefining \ldots on input line 496.
LaTeX Info: Redefining \dots on input line 499.
LaTeX Info: Redefining \cdots on input line 620.
\Mathstrutbox@=\box50
\strutbox@=\box51
\big@size=\dimen141
LaTeX Font Info:    Redeclaring font encoding OML on input line 743.
LaTeX Font Info:    Redeclaring font encoding OMS on input line 744.
\macc@depth=\count198
\c@MaxMatrixCols=\count199
\dotsspace@=\muskip16
\c@parentequation=\count266
\dspbrk@lvl=\count267
\tag@help=\toks18
\row@=\count268
\column@=\count269
\maxfields@=\count270
\andhelp@=\toks19
\eqnshift@=\dimen142
\alignsep@=\dimen143
\tagshift@=\dimen144
\tagwidth@=\dimen145
\totwidth@=\dimen146
\lineht@=\dimen147
\@envbody=\toks20
\multlinegap=\skip50
\multlinetaggap=\skip51
\mathdisplay@stack=\toks21
LaTeX Info: Redefining \[ on input line 2938.
LaTeX Info: Redefining \] on input line 2939.
) (/home/x1r/.TinyTeX/texmf-dist/tex/generic/iftex/ifxetex.sty
Package: ifxetex 2019/10/25 v0.7 ifxetex legacy package. Use iftex instead.
(/home/x1r/.TinyTeX/texmf-dist/tex/generic/iftex/iftex.sty
Package: iftex 2022/02/03 v1.0f TeX engine tests
)) (/home/x1r/.TinyTeX/texmf-dist/tex/generic/iftex/ifluatex.sty
Package: ifluatex 2019/10/25 v1.5 ifluatex legacy package. Use iftex instead.
) (/home/x1r/.TinyTeX/texmf-dist/tex/latex/base/fixltx2e.sty
Package: fixltx2e 2016/12/29 v2.1a fixes to LaTeX (obsolete)
Applying: [2015/01/01] Old fixltx2e package on input line 46.

Package fixltx2e Warning: fixltx2e is not required with releases after 2015
(fixltx2e)                All fixes are now in the LaTeX kernel.
(fixltx2e)                See the latexrelease package for details.

Already applied: [0000/00/00] Old fixltx2e package on input line 53.
) (/home/x1r/.TinyTeX/texmf-dist/tex/latex/base/fontenc.sty
Package: fontenc 2021/04/29 v2.0v Standard LaTeX package
LaTeX Font Info:    Trying to load font information for T1+lmr on input line 112.
(/home/x1r/.TinyTeX/texmf-dist/tex/latex/lm/t1lmr.fd
File: t1lmr.fd 2015/05/01 v1.6.1 Font defs for Latin Modern
)) (/home/x1r/.TinyTeX/texmf-dist/tex/latex/base/inputenc.sty
Package: inputenc 2021/02/14 v1.3d Input encoding file
\inpenc@prehook=\toks22
\inpenc@posthook=\toks23
) (/home/x1r/.TinyTeX/texmf-dist/tex/latex/base/textcomp.sty
Package: textcomp 2020/02/02 v2.0n Standard LaTeX package
) (/home/x1r/.TinyTeX/texmf-dist/tex/latex/xcolor/xcolor.sty
Package: xcolor 2021/10/31 v2.13 LaTeX color extensions (UK)
(/home/x1r/.TinyTeX/texmf-dist/tex/latex/graphics-cfg/color.cfg
File: color.cfg 2016/01/02 v1.6 sample color configuration
)
Package xcolor Info: Driver file: pdftex.def on input line 227.
(/home/x1r/.TinyTeX/texmf-dist/tex/latex/graphics-def/pdftex.def
File: pdftex.def 2020/10/05 v1.2a Graphics/color driver for pdftex
)
Package xcolor Info: Model `cmy' substituted by `cmy0' on input line 1352.
Package xcolor Info: Model `hsb' substituted by `rgb' on input line 1356.
Package xcolor Info: Model `RGB' extended on input line 1368.
Package xcolor Info: Model `HTML' substituted by `rgb' on input line 1370.
Package xcolor Info: Model `Hsb' substituted by `hsb' on input line 1371.
Package xcolor Info: Model `tHsb' substituted by `hsb' on input line 1372.
Package xcolor Info: Model `HSB' substituted by `hsb' on input line 1373.
Package xcolor Info: Model `Gray' substituted by `gray' on input line 1374.
Package xcolor Info: Model `wave' substituted by `hsb' on input line 1375.
(/home/x1r/.TinyTeX/texmf-dist/tex/latex/graphics/dvipsnam.def
File: dvipsnam.def 2016/06/17 v3.0m Driver-dependent file (DPC,SPQR)
) (/home/x1r/.TinyTeX/texmf-dist/tex/latex/xcolor/svgnam.def
File: svgnam.def 2021/10/31 v2.13 Predefined colors according to SVG 1.1 (UK)
) (/home/x1r/.TinyTeX/texmf-dist/tex/latex/xcolor/x11nam.def
File: x11nam.def 2021/10/31 v2.13 Predefined colors according to Unix/X11 (UK)
)) (/home/x1r/.TinyTeX/texmf-dist/tex/latex/hyperref/hyperref.sty
Package: hyperref 2022-05-17 v7.00q Hypertext links for LaTeX
(/home/x1r/.TinyTeX/texmf-dist/tex/generic/ltxcmds/ltxcmds.sty
Package: ltxcmds 2020-05-10 v1.25 LaTeX kernel commands for general use (HO)
) (/home/x1r/.TinyTeX/texmf-dist/tex/generic/pdftexcmds/pdftexcmds.sty
Package: pdftexcmds 2020-06-27 v0.33 Utility functions of pdfTeX for LuaTeX (HO)
(/home/x1r/.TinyTeX/texmf-dist/tex/generic/infwarerr/infwarerr.sty
Package: infwarerr 2019/12/03 v1.5 Providing info/warning/error messages (HO)
)
Package pdftexcmds Info: \pdf@primitive is available.
Package pdftexcmds Info: \pdf@ifprimitive is available.
Package pdftexcmds Info: \pdfdraftmode found.
) (/home/x1r/.TinyTeX/texmf-dist/tex/latex/graphics/keyval.sty
Package: keyval 2014/10/28 v1.15 key=value parser (DPC)
\KV@toks@=\toks24
) (/home/x1r/.TinyTeX/texmf-dist/tex/generic/kvsetkeys/kvsetkeys.sty
Package: kvsetkeys 2019/12/15 v1.18 Key value parser (HO)
) (/home/x1r/.TinyTeX/texmf-dist/tex/generic/kvdefinekeys/kvdefinekeys.sty
Package: kvdefinekeys 2019-12-19 v1.6 Define keys (HO)
) (/home/x1r/.TinyTeX/texmf-dist/tex/generic/pdfescape/pdfescape.sty
Package: pdfescape 2019/12/09 v1.15 Implements pdfTeX's escape features (HO)
) (/home/x1r/.TinyTeX/texmf-dist/tex/latex/hycolor/hycolor.sty
Package: hycolor 2020-01-27 v1.10 Color options for hyperref/bookmark (HO)
) (/home/x1r/.TinyTeX/texmf-dist/tex/latex/letltxmacro/letltxmacro.sty
Package: letltxmacro 2019/12/03 v1.6 Let assignment for LaTeX macros (HO)
) (/home/x1r/.TinyTeX/texmf-dist/tex/latex/auxhook/auxhook.sty
Package: auxhook 2019-12-17 v1.6 Hooks for auxiliary files (HO)
) (/home/x1r/.TinyTeX/texmf-dist/tex/latex/hyperref/nameref.sty
Package: nameref 2022-05-17 v2.50 Cross-referencing by name of section
(/home/x1r/.TinyTeX/texmf-dist/tex/latex/refcount/refcount.sty
Package: refcount 2019/12/15 v3.6 Data extraction from label references (HO)
) (/home/x1r/.TinyTeX/texmf-dist/tex/generic/gettitlestring/gettitlestring.sty
Package: gettitlestring 2019/12/15 v1.6 Cleanup title references (HO)
(/home/x1r/.TinyTeX/texmf-dist/tex/latex/kvoptions/kvoptions.sty
Package: kvoptions 2020-10-07 v3.14 Key value format for package options (HO)
))
\c@section@level=\count271
)
\@linkdim=\dimen148
\Hy@linkcounter=\count272
\Hy@pagecounter=\count273
(/home/x1r/.TinyTeX/texmf-dist/tex/latex/hyperref/pd1enc.def
File: pd1enc.def 2022-05-17 v7.00q Hyperref: PDFDocEncoding definition (HO)
Now handling font encoding PD1 ...
... no UTF-8 mapping file for font encoding PD1
) (/home/x1r/.TinyTeX/texmf-dist/tex/generic/intcalc/intcalc.sty
Package: intcalc 2019/12/15 v1.3 Expandable calculations with integers (HO)
) (/home/x1r/.TinyTeX/texmf-dist/tex/generic/etexcmds/etexcmds.sty
Package: etexcmds 2019/12/15 v1.7 Avoid name clashes with e-TeX commands (HO)
)
\Hy@SavedSpaceFactor=\count274
(/home/x1r/.TinyTeX/texmf-dist/tex/latex/hyperref/puenc.def
File: puenc.def 2022-05-17 v7.00q Hyperref: PDF Unicode definition (HO)
Now handling font encoding PU ...
... no UTF-8 mapping file for font encoding PU
)
Package hyperref Info: Option `unicode' set `true' on input line 4020.
Package hyperref Info: Hyper figures OFF on input line 4139.
Package hyperref Info: Link nesting OFF on input line 4144.
Package hyperref Info: Hyper index ON on input line 4147.
Package hyperref Info: Plain pages OFF on input line 4154.
Package hyperref Info: Backreferencing OFF on input line 4159.
Package hyperref Info: Implicit mode ON; LaTeX internals redefined.
Package hyperref Info: Bookmarks ON on input line 4385.
\c@Hy@tempcnt=\count275
(/home/x1r/.TinyTeX/texmf-dist/tex/latex/url/url.sty
\Urlmuskip=\muskip17
Package: url 2013/09/16  ver 3.4  Verb mode for urls, etc.
)
LaTeX Info: Redefining \url on input line 4723.
\XeTeXLinkMargin=\dimen149
(/home/x1r/.TinyTeX/texmf-dist/tex/generic/bitset/bitset.sty
Package: bitset 2019/12/09 v1.3 Handle bit-vector datatype (HO)
(/home/x1r/.TinyTeX/texmf-dist/tex/generic/bigintcalc/bigintcalc.sty
Package: bigintcalc 2019/12/15 v1.5 Expandable calculations on big integers (HO)
))
\Fld@menulength=\count276
\Field@Width=\dimen150
\Fld@charsize=\dimen151
Package hyperref Info: Hyper figures OFF on input line 6001.
Package hyperref Info: Link nesting OFF on input line 6006.
Package hyperref Info: Hyper index ON on input line 6009.
Package hyperref Info: backreferencing OFF on input line 6016.
Package hyperref Info: Link coloring OFF on input line 6021.
Package hyperref Info: Link coloring with OCG OFF on input line 6026.
Package hyperref Info: PDF/A mode OFF on input line 6031.
LaTeX Info: Redefining \ref on input line 6078.
LaTeX Info: Redefining \pageref on input line 6078.
(/home/x1r/.TinyTeX/texmf-dist/tex/latex/base/atbegshi-ltx.sty
Package: atbegshi-ltx 2021/01/10 v1.0c Emulation of the original atbegshi
package with kernel methods
)
\Hy@abspage=\count277
\c@Item=\count278
\c@Hfootnote=\count279
)
Package hyperref Info: Driver (autodetected): hpdftex.
(/home/x1r/.TinyTeX/texmf-dist/tex/latex/hyperref/hpdftex.def
File: hpdftex.def 2022-05-17 v7.00q Hyperref driver for pdfTeX
(/home/x1r/.TinyTeX/texmf-dist/tex/latex/base/atveryend-ltx.sty
Package: atveryend-ltx 2020/08/19 v1.0a Emulation of the original atveryend package
with kernel methods
)
\Fld@listcount=\count280
\c@bookmark@seq@number=\count281
(/home/x1r/.TinyTeX/texmf-dist/tex/latex/rerunfilecheck/rerunfilecheck.sty
Package: rerunfilecheck 2019/12/05 v1.9 Rerun checks for auxiliary files (HO)
(/home/x1r/.TinyTeX/texmf-dist/tex/generic/uniquecounter/uniquecounter.sty
Package: uniquecounter 2019/12/15 v1.4 Provide unlimited unique counter (HO)
)
Package uniquecounter Info: New unique counter `rerunfilecheck' on input line 286.
)
\Hy@SectionHShift=\skip52
)
Package hyperref Info: Option `colorlinks' set `true' on input line 40.
Package hyperref Info: Option `breaklinks' set `true' on input line 40.
(/home/x1r/.TinyTeX/texmf-dist/tex/latex/geometry/geometry.sty
Package: geometry 2020/01/02 v5.9 Page Geometry
(/home/x1r/.TinyTeX/texmf-dist/tex/generic/iftex/ifvtex.sty
Package: ifvtex 2019/10/25 v1.7 ifvtex legacy package. Use iftex instead.
)
\Gm@cnth=\count282
\Gm@cntv=\count283
\c@Gm@tempcnt=\count284
\Gm@bindingoffset=\dimen152
\Gm@wd@mp=\dimen153
\Gm@odd@mp=\dimen154
\Gm@even@mp=\dimen155
\Gm@layoutwidth=\dimen156
\Gm@layoutheight=\dimen157
\Gm@layouthoffset=\dimen158
\Gm@layoutvoffset=\dimen159
\Gm@dimlist=\toks25
) (/home/x1r/.TinyTeX/texmf-dist/tex/latex/fancyvrb/fancyvrb.sty
Package: fancyvrb 2022/04/12 4.2 verbatim text (tvz,hv)
\FV@CodeLineNo=\count285
\FV@InFile=\read2
\FV@TabBox=\box52
\c@FancyVerbLine=\count286
\FV@StepNumber=\count287
\FV@OutFile=\write3
) (/home/x1r/.TinyTeX/texmf-dist/tex/latex/framed/framed.sty
Package: framed 2011/10/22 v 0.96: framed or shaded text with page breaks
\OuterFrameSep=\skip53
\fb@frw=\dimen160
\fb@frh=\dimen161
\FrameRule=\dimen162
\FrameSep=\dimen163
) (/home/x1r/.TinyTeX/texmf-dist/tex/latex/tools/longtable.sty
Package: longtable 2021-09-01 v4.17 Multi-page Table package (DPC)
\LTleft=\skip54
\LTright=\skip55
\LTpre=\skip56
\LTpost=\skip57
\LTchunksize=\count288
\LTcapwidth=\dimen164
\LT@head=\box53
\LT@firsthead=\box54
\LT@foot=\box55
\LT@lastfoot=\box56
\LT@gbox=\box57
\LT@cols=\count289
\LT@rows=\count290
\c@LT@tables=\count291
\c@LT@chunks=\count292
\LT@p@ftn=\toks26
) (/home/x1r/.TinyTeX/texmf-dist/tex/latex/booktabs/booktabs.sty
Package: booktabs 2020/01/12 v1.61803398 Publication quality tables
\heavyrulewidth=\dimen165
\lightrulewidth=\dimen166
\cmidrulewidth=\dimen167
\belowrulesep=\dimen168
\belowbottomsep=\dimen169
\aboverulesep=\dimen170
\abovetopsep=\dimen171
\cmidrulesep=\dimen172
\cmidrulekern=\dimen173
\defaultaddspace=\dimen174
\@cmidla=\count293
\@cmidlb=\count294
\@aboverulesep=\dimen175
\@belowrulesep=\dimen176
\@thisruleclass=\count295
\@lastruleclass=\count296
\@thisrulewidth=\dimen177
) (/home/x1r/.TinyTeX/texmf-dist/tex/latex/mdwtools/footnote.sty
Package: footnote 1997/01/28 1.13 Save footnotes around boxes
\fn@notes=\box58
\fn@width=\dimen178
) (/home/x1r/.TinyTeX/texmf-dist/tex/latex/graphics/graphicx.sty
Package: graphicx 2021/09/16 v1.2d Enhanced LaTeX Graphics (DPC,SPQR)
(/home/x1r/.TinyTeX/texmf-dist/tex/latex/graphics/graphics.sty
Package: graphics 2021/03/04 v1.4d Standard LaTeX Graphics (DPC,SPQR)
(/home/x1r/.TinyTeX/texmf-dist/tex/latex/graphics/trig.sty
Package: trig 2021/08/11 v1.11 sin cos tan (DPC)
) (/home/x1r/.TinyTeX/texmf-dist/tex/latex/graphics-cfg/graphics.cfg
File: graphics.cfg 2016/06/04 v1.11 sample graphics configuration
)
Package graphics Info: Driver file: pdftex.def on input line 107.
)
\Gin@req@height=\dimen179
\Gin@req@width=\dimen180
) (/home/x1r/.TinyTeX/texmf-dist/tex/latex/grffile/grffile.sty
Package: grffile 2019/11/11 v2.1 Extended file name support for graphics (legacy)
Package grffile Info: This package is an empty stub for compatibility on input line 40.
) (/home/x1r/.TinyTeX/texmf-dist/tex/latex/l3backend/l3backend-pdftex.def
File: l3backend-pdftex.def 2022-04-20 L3 backend support: PDF output (pdfTeX)
\l__color_backend_stack_int=\count297
\l__pdf_internal_box=\box59
)
No file Enunciado_taller2_chistes_con_metadatos.aux.
\openout1 = `Enunciado_taller2_chistes_con_metadatos.aux'.

LaTeX Font Info:    Checking defaults for OML/cmm/m/it on input line 120.
LaTeX Font Info:    ... okay on input line 120.
LaTeX Font Info:    Checking defaults for OMS/cmsy/m/n on input line 120.
LaTeX Font Info:    ... okay on input line 120.
LaTeX Font Info:    Checking defaults for OT1/cmr/m/n on input line 120.
LaTeX Font Info:    ... okay on input line 120.
LaTeX Font Info:    Checking defaults for T1/cmr/m/n on input line 120.
LaTeX Font Info:    ... okay on input line 120.
LaTeX Font Info:    Checking defaults for TS1/cmr/m/n on input line 120.
LaTeX Font Info:    ... okay on input line 120.
LaTeX Font Info:    Checking defaults for OMX/cmex/m/n on input line 120.
LaTeX Font Info:    ... okay on input line 120.
LaTeX Font Info:    Checking defaults for U/cmr/m/n on input line 120.
LaTeX Font Info:    ... okay on input line 120.
LaTeX Font Info:    Checking defaults for PD1/pdf/m/n on input line 120.
LaTeX Font Info:    ... okay on input line 120.
LaTeX Font Info:    Checking defaults for PU/pdf/m/n on input line 120.
LaTeX Font Info:    ... okay on input line 120.
(/home/x1r/.TinyTeX/texmf-dist/tex/latex/epstopdf-pkg/epstopdf-base.sty
Package: epstopdf-base 2020-01-24 v2.11 Base part for package epstopdf
Package epstopdf-base Info: Redefining graphics rule for `.eps' on input line 485.
(/home/x1r/.TinyTeX/texmf-dist/tex/latex/latexconfig/epstopdf-sys.cfg
File: epstopdf-sys.cfg 2010/07/13 v1.3 Configuration of (r)epstopdf for TeX Live
))
Package hyperref Info: Link coloring ON on input line 120.
\@outlinefile=\write4
\openout4 = `Enunciado_taller2_chistes_con_metadatos.out'.

*geometry* driver: auto-detecting
*geometry* detected driver: pdftex
*geometry* verbose mode - [ preamble ] result:
* driver: pdftex
* paper: <default>
* layout: <same size as paper>
* layoutoffset:(h,v)=(0.0pt,0.0pt)
* modes: 
* h-part:(L,W,R)=(72.26999pt, 469.75502pt, 72.26999pt)
* v-part:(T,H,B)=(72.26999pt, 650.43001pt, 72.26999pt)
* \paperwidth=614.295pt
* \paperheight=794.96999pt
* \textwidth=469.75502pt
* \textheight=650.43001pt
* \oddsidemargin=0.0pt
* \evensidemargin=0.0pt
* \topmargin=-37.0pt
* \headheight=12.0pt
* \headsep=25.0pt
* \topskip=10.0pt
* \footskip=30.0pt
* \marginparwidth=65.0pt
* \marginparsep=11.0pt
* \columnsep=10.0pt
* \skip\footins=9.0pt plus 4.0pt minus 2.0pt
* \hoffset=0.0pt
* \voffset=0.0pt
* \mag=1000
* \@twocolumnfalse
* \@twosidefalse
* \@mparswitchfalse
* \@reversemarginfalse
* (1in=72.27pt=25.4mm, 1cm=28.453pt)

LaTeX Font Info:    Trying to load font information for OT1+lmr on input line 122.
(/home/x1r/.TinyTeX/texmf-dist/tex/latex/lm/ot1lmr.fd
File: ot1lmr.fd 2015/05/01 v1.6.1 Font defs for Latin Modern
)
LaTeX Font Info:    Trying to load font information for OML+lmm on input line 122.
(/home/x1r/.TinyTeX/texmf-dist/tex/latex/lm/omllmm.fd
File: omllmm.fd 2015/05/01 v1.6.1 Font defs for Latin Modern
)
LaTeX Font Info:    Trying to load font information for OMS+lmsy on input line 122.
(/home/x1r/.TinyTeX/texmf-dist/tex/latex/lm/omslmsy.fd
File: omslmsy.fd 2015/05/01 v1.6.1 Font defs for Latin Modern
)
LaTeX Font Info:    Trying to load font information for OMX+lmex on input line 122.
(/home/x1r/.TinyTeX/texmf-dist/tex/latex/lm/omxlmex.fd
File: omxlmex.fd 2015/05/01 v1.6.1 Font defs for Latin Modern
)
LaTeX Font Info:    External font `lmex10' loaded for size
(Font)              <12> on input line 122.
LaTeX Font Info:    External font `lmex10' loaded for size
(Font)              <8> on input line 122.
LaTeX Font Info:    External font `lmex10' loaded for size
(Font)              <6> on input line 122.
LaTeX Font Info:    Trying to load font information for U+msa on input line 122.
(/home/x1r/.TinyTeX/texmf-dist/tex/latex/amsfonts/umsa.fd
File: umsa.fd 2013/01/14 v3.01 AMS symbols A
)
LaTeX Font Info:    Trying to load font information for U+msb on input line 122.
(/home/x1r/.TinyTeX/texmf-dist/tex/latex/amsfonts/umsb.fd
File: umsb.fd 2013/01/14 v3.01 AMS symbols B
)
No file Enunciado_taller2_chistes_con_metadatos.toc.
\tf@toc=\write5
\openout5 = `Enunciado_taller2_chistes_con_metadatos.toc'.

LaTeX Font Info:    Trying to load font information for TS1+lmr on input line 148.
(/home/x1r/.TinyTeX/texmf-dist/tex/latex/lm/ts1lmr.fd
File: ts1lmr.fd 2015/05/01 v1.6.1 Font defs for Latin Modern
)
LaTeX Font Info:    Trying to load font information for T1+lmtt on input line 149.
(/home/x1r/.TinyTeX/texmf-dist/tex/latex/lm/t1lmtt.fd
File: t1lmtt.fd 2015/05/01 v1.6.1 Font defs for Latin Modern
)
LaTeX Font Info:    Font shape `T1/lmtt/bx/n' in size <10> not available
(Font)              Font shape `T1/lmtt/b/n' tried instead on input line 168.
[1

{/home/x1r/.TinyTeX/texmf-var/fonts/map/pdftex/updmap/pdftex.map}]
Overfull \hbox (12.60236pt too wide) in paragraph at lines 209--210
[]\T1/lmr/m/n/10 origen|  
 []


Overfull \hbox (28.8083pt too wide) in paragraph at lines 215--216
[]\T1/lmr/m/n/10 palabra_clave|  
 []


Overfull \hbox (18.13873pt too wide) in paragraph at lines 217--218
 []\T1/lmr/m/n/10 votos|
 []


Overfull \hbox (5.90793pt too wide) in paragraph at lines 224--225
[]\T1/lmr/m/n/10 1000 
 []


Overfull \hbox (14.63039pt too wide) in paragraph at lines 224--225
\T1/lmr/m/n/10 chistes|  
 []


Overfull \hbox (7.0493pt too wide) in paragraph at lines 228--229
[]\T1/lmr/m/n/10 cortos|malos|  
 []


Overfull \hbox (10.30504pt too wide) in paragraph at lines 232--233
 []\T1/lmr/m/n/10 NA|
 []


Overfull \hbox (5.90793pt too wide) in paragraph at lines 238--239
[]\T1/lmr/m/n/10 1000 
 []


Overfull \hbox (14.63039pt too wide) in paragraph at lines 238--239
\T1/lmr/m/n/10 chistes|  
 []


Overfull \hbox (16.00247pt too wide) in paragraph at lines 240--241
\T1/lmr/m/n/10 automática|  
 []


Overfull \hbox (109.4653pt too wide) in paragraph at lines 242--243
[]\T1/lmr/m/n/10 cortos|malos|borrachos|matrimonios|  
 []


Overfull \hbox (10.30504pt too wide) in paragraph at lines 246--247
 []\T1/lmr/m/n/10 NA|
 []


Overfull \hbox (5.90793pt too wide) in paragraph at lines 254--255
[]\T1/lmr/m/n/10 1000 
 []


Overfull \hbox (14.63039pt too wide) in paragraph at lines 254--255
\T1/lmr/m/n/10 chistes|  
 []


Overfull \hbox (7.97485pt too wide) in paragraph at lines 256--257
\T1/lmr/m/n/10 argentina|  
 []


Overfull \hbox (7.0493pt too wide) in paragraph at lines 258--259
[]\T1/lmr/m/n/10 cortos|malos|  
 []


Overfull \hbox (51.14165pt too wide) in paragraph at lines 260--261
[]\T1/lmr/m/n/10 políticos|argentinos|  
 []


Overfull \hbox (10.30504pt too wide) in paragraph at lines 262--263
 []\T1/lmr/m/n/10 NA|
 []


Overfull \hbox (5.90793pt too wide) in paragraph at lines 270--271
[]\T1/lmr/m/n/10 1000 
 []


Overfull \hbox (14.63039pt too wide) in paragraph at lines 270--271
\T1/lmr/m/n/10 chistes|  
 []


Overfull \hbox (1.3362pt too wide) in paragraph at lines 272--273
\T1/lmr/m/n/10 positivo|  
 []


Overfull \hbox (7.0493pt too wide) in paragraph at lines 274--275
[]\T1/lmr/m/n/10 cortos|malos|  
 []


Overfull \hbox (10.30504pt too wide) in paragraph at lines 278--279
 []\T1/lmr/m/n/10 NA|
 []


Overfull \hbox (5.90793pt too wide) in paragraph at lines 284--285
[]\T1/lmr/m/n/10 1000 
 []


Overfull \hbox (14.63039pt too wide) in paragraph at lines 284--285
\T1/lmr/m/n/10 chistes|  
 []


Overfull \hbox (7.0493pt too wide) in paragraph at lines 288--289
[]\T1/lmr/m/n/10 cortos|malos|  
 []


Overfull \hbox (31.94713pt too wide) in paragraph at lines 290--291
[]\T1/lmr/m/n/10 futbol|porteros|  
 []


Overfull \hbox (10.30504pt too wide) in paragraph at lines 292--293
 []\T1/lmr/m/n/10 NA|
 []


Overfull \hbox (5.90793pt too wide) in paragraph at lines 298--299
[]\T1/lmr/m/n/10 1000 
 []


Overfull \hbox (14.63039pt too wide) in paragraph at lines 298--299
\T1/lmr/m/n/10 chistes|  
 []


Overfull \hbox (8.08597pt too wide) in paragraph at lines 300--301
[]\T1/lmr/m/n/10 Donación 
 []


Overfull \hbox (7.0493pt too wide) in paragraph at lines 302--303
[]\T1/lmr/m/n/10 cortos|malos|  
 []


Overfull \hbox (17.69688pt too wide) in paragraph at lines 304--305
[]\T1/lmr/m/n/10 dinero|agua|  
 []


Overfull \hbox (10.30504pt too wide) in paragraph at lines 306--307
 []\T1/lmr/m/n/10 NA|
 []


Overfull \hbox (5.90793pt too wide) in paragraph at lines 312--313
[]\T1/lmr/m/n/10 1000 
 []


Overfull \hbox (14.63039pt too wide) in paragraph at lines 312--313
\T1/lmr/m/n/10 chistes|  
 []


Overfull \hbox (9.41939pt too wide) in paragraph at lines 314--315
\T1/lmr/m/n/10 astrología|  
 []


Overfull \hbox (53.04938pt too wide) in paragraph at lines 316--317
[]\T1/lmr/m/n/10 cortos|malos|profesores|  
 []


Overfull \hbox (3.28046pt too wide) in paragraph at lines 318--319
[]\T1/lmr/m/n/10 planetas|  
 []


Overfull \hbox (10.30504pt too wide) in paragraph at lines 320--321
 []\T1/lmr/m/n/10 NA|
 []


Overfull \hbox (5.90793pt too wide) in paragraph at lines 326--327
[]\T1/lmr/m/n/10 1000 
 []


Overfull \hbox (14.63039pt too wide) in paragraph at lines 326--327
\T1/lmr/m/n/10 chistes|  
 []


Overfull \hbox (2.30797pt too wide) in paragraph at lines 328--329
\T1/lmr/m/n/10 Esponja|  
 []


Overfull \hbox (7.0493pt too wide) in paragraph at lines 330--331
[]\T1/lmr/m/n/10 cortos|malos|  
 []


Overfull \hbox (45.05771pt too wide) in paragraph at lines 332--333
[]\T1/lmr/m/n/10 esponja|gimnasios|  
 []


Overfull \hbox (10.30504pt too wide) in paragraph at lines 334--335
 []\T1/lmr/m/n/10 NA|
 []


Overfull \hbox (5.90793pt too wide) in paragraph at lines 340--341
[]\T1/lmr/m/n/10 1000 
 []


Overfull \hbox (14.63039pt too wide) in paragraph at lines 340--341
\T1/lmr/m/n/10 chistes|  
 []


Overfull \hbox (7.0493pt too wide) in paragraph at lines 344--345
[]\T1/lmr/m/n/10 cortos|malos|  
 []


Overfull \hbox (10.30504pt too wide) in paragraph at lines 348--349
 []\T1/lmr/m/n/10 NA|
 []


Overfull \hbox (5.90793pt too wide) in paragraph at lines 354--355
[]\T1/lmr/m/n/10 1000 
 []


Overfull \hbox (14.63039pt too wide) in paragraph at lines 354--355
\T1/lmr/m/n/10 chistes|  
 []


Overfull \hbox (5.53012pt too wide) in paragraph at lines 356--357
\T1/lmr/m/n/10 Canarias|  
 []


Overfull \hbox (13.79971pt too wide) in paragraph at lines 358--359
[]\T1/lmr/m/n/10 cortos|suegras|  
 []


Overfull \hbox (69.53064pt too wide) in paragraph at lines 360--361
[]\T1/lmr/m/n/10 canarias|coches|noticias|  
 []


Overfull \hbox (10.30504pt too wide) in paragraph at lines 362--363
 []\T1/lmr/m/n/10 NA|
 []


Overfull \hbox (5.90793pt too wide) in paragraph at lines 368--369
[]\T1/lmr/m/n/10 1000 
 []


Overfull \hbox (14.63039pt too wide) in paragraph at lines 368--369
\T1/lmr/m/n/10 chistes|  
 []


Overfull \hbox (42.74358pt too wide) in paragraph at lines 372--373
[]\T1/lmr/m/n/10 cortos|malos|Jaimito|  
 []


Overfull \hbox (12.55824pt too wide) in paragraph at lines 374--375
[]\T1/lmr/m/n/10 locos|sillas|  
 []


Overfull \hbox (10.30504pt too wide) in paragraph at lines 376--377
 []\T1/lmr/m/n/10 NA|
 []


Overfull \hbox (5.90793pt too wide) in paragraph at lines 382--383
[]\T1/lmr/m/n/10 1000 
 []


Overfull \hbox (14.63039pt too wide) in paragraph at lines 382--383
\T1/lmr/m/n/10 chistes|  
 []


Overfull \hbox (7.80775pt too wide) in paragraph at lines 384--385
[]\T1/lmr/m/n/10 Bocadillo 
 []


Overfull \hbox (7.0493pt too wide) in paragraph at lines 386--387
[]\T1/lmr/m/n/10 cortos|malos|  
 []


Overfull \hbox (28.0296pt too wide) in paragraph at lines 388--389
[]\T1/lmr/m/n/10 madres|jamón|  
 []


Overfull \hbox (10.30504pt too wide) in paragraph at lines 390--391
 []\T1/lmr/m/n/10 NA|
 []


Overfull \hbox (5.90793pt too wide) in paragraph at lines 396--397
[]\T1/lmr/m/n/10 1000 
 []


Overfull \hbox (14.63039pt too wide) in paragraph at lines 396--397
\T1/lmr/m/n/10 chistes|  
 []


Overfull \hbox (25.58606pt too wide) in paragraph at lines 398--399
\T1/lmr/m/n/10 universidades|  
 []


Overfull \hbox (7.0493pt too wide) in paragraph at lines 400--401
[]\T1/lmr/m/n/10 malos|cortos|  
 []


Overfull \hbox (86.8641pt too wide) in paragraph at lines 402--403
[]\T1/lmr/m/n/10 universitarios|universidades|  
 []


Overfull \hbox (10.30504pt too wide) in paragraph at lines 404--405
 []\T1/lmr/m/n/10 NA|
 []


Overfull \hbox (5.90793pt too wide) in paragraph at lines 410--411
[]\T1/lmr/m/n/10 1000 
 []


Overfull \hbox (14.63039pt too wide) in paragraph at lines 410--411
\T1/lmr/m/n/10 chistes|  
 []


Overfull \hbox (7.0493pt too wide) in paragraph at lines 414--415
[]\T1/lmr/m/n/10 cortos|malos|  
 []


Overfull \hbox (24.4472pt too wide) in paragraph at lines 416--417
[]\T1/lmr/m/n/10 cuentos|pelos|  
 []


Overfull \hbox (10.30504pt too wide) in paragraph at lines 418--419
 []\T1/lmr/m/n/10 NA|
 []


Overfull \hbox (5.90793pt too wide) in paragraph at lines 423--424
[]\T1/lmr/m/n/10 1000 
 []


Overfull \hbox (14.63039pt too wide) in paragraph at lines 423--424
\T1/lmr/m/n/10 chistes|  
 []


Overfull \hbox (7.0493pt too wide) in paragraph at lines 427--428
[]\T1/lmr/m/n/10 cortos|malos|  
 []


Overfull \hbox (10.30504pt too wide) in paragraph at lines 431--432
 []\T1/lmr/m/n/10 NA|
 []


Overfull \hbox (5.90793pt too wide) in paragraph at lines 437--438
[]\T1/lmr/m/n/10 1000 
 []


Overfull \hbox (14.63039pt too wide) in paragraph at lines 437--438
\T1/lmr/m/n/10 chistes|  
 []


Overfull \hbox (7.0493pt too wide) in paragraph at lines 441--442
[]\T1/lmr/m/n/10 cortos|malos|  
 []


Overfull \hbox (24.78044pt too wide) in paragraph at lines 443--444
[]\T1/lmr/m/n/10 pijos|escuelas|  
 []


Overfull \hbox (10.30504pt too wide) in paragraph at lines 445--446
 []\T1/lmr/m/n/10 NA|
 []


Overfull \hbox (5.90793pt too wide) in paragraph at lines 451--452
[]\T1/lmr/m/n/10 1000 
 []


Overfull \hbox (14.63039pt too wide) in paragraph at lines 451--452
\T1/lmr/m/n/10 chistes|  
 []


Overfull \hbox (7.0493pt too wide) in paragraph at lines 455--456
[]\T1/lmr/m/n/10 cortos|malos|  
 []


Overfull \hbox (10.30504pt too wide) in paragraph at lines 459--460
 []\T1/lmr/m/n/10 NA|
 []


Overfull \hbox (5.90793pt too wide) in paragraph at lines 465--466
[]\T1/lmr/m/n/10 1000 
 []


Overfull \hbox (14.63039pt too wide) in paragraph at lines 465--466
\T1/lmr/m/n/10 chistes|  
 []


Overfull \hbox (7.0493pt too wide) in paragraph at lines 469--470
[]\T1/lmr/m/n/10 cortos|malos|  
 []


Overfull \hbox (71.25319pt too wide) in paragraph at lines 471--472
[]\T1/lmr/m/n/10 deportistas|futbol|Messi|  
 []


Overfull \hbox (10.30504pt too wide) in paragraph at lines 473--474
 []\T1/lmr/m/n/10 NA|
 []


Overfull \hbox (5.90793pt too wide) in paragraph at lines 478--479
[]\T1/lmr/m/n/10 1000 
 []


Overfull \hbox (14.63039pt too wide) in paragraph at lines 478--479
\T1/lmr/m/n/10 chistes|  
 []


Overfull \hbox (7.0493pt too wide) in paragraph at lines 482--483
[]\T1/lmr/m/n/10 cortos|malos|  
 []


Overfull \hbox (41.1137pt too wide) in paragraph at lines 484--485
[]\T1/lmr/m/n/10 cubanos|planetas|  
 []


Overfull \hbox (10.30504pt too wide) in paragraph at lines 486--487
 []\T1/lmr/m/n/10 NA|
 []


Overfull \hbox (5.90793pt too wide) in paragraph at lines 492--493
[]\T1/lmr/m/n/10 1000 
 []


Overfull \hbox (14.63039pt too wide) in paragraph at lines 492--493
\T1/lmr/m/n/10 chistes|  
 []


Overfull \hbox (9.33571pt too wide) in paragraph at lines 494--495
[]\T1/lmr/m/n/10 Saludable|  
 []


Overfull \hbox (39.8823pt too wide) in paragraph at lines 496--497
[]\T1/lmr/m/n/10 cortos|malos|amigos|  
 []


Overfull \hbox (41.97466pt too wide) in paragraph at lines 498--499
[]\T1/lmr/m/n/10 comidas|deportes|  
 []


Overfull \hbox (10.30504pt too wide) in paragraph at lines 500--501
 []\T1/lmr/m/n/10 NA|
 []

[2] [3] [4]
Overfull \hbox (17.29733pt too wide) in paragraph at lines 649--650
[]\T1/lmr/m/n/10 origen|  
 []


Overfull \hbox (5.10199pt too wide) in paragraph at lines 651--652
[]\T1/lmr/m/n/10 titulo|  
 []


Overfull \hbox (7.52704pt too wide) in paragraph at lines 653--654
[]\T1/lmr/m/n/10 C1|  
 []


Overfull \hbox (7.52704pt too wide) in paragraph at lines 655--656
[]\T1/lmr/m/n/10 C2|  
 []


Overfull \hbox (2.8249pt too wide) in paragraph at lines 657--658
[]\T1/lmr/m/n/10 C3|  
 []


Overfull \hbox (2.8249pt too wide) in paragraph at lines 659--660
[]\T1/lmr/m/n/10 C4|  
 []


Overfull \hbox (12.222pt too wide) in paragraph at lines 661--662
[]\T1/lmr/m/n/10 C5|  
 []


Overfull \hbox (33.11046pt too wide) in paragraph at lines 663--664
[]\T1/lmr/m/n/10 palabra1|  
 []


Overfull \hbox (33.11046pt too wide) in paragraph at lines 665--666
[]\T1/lmr/m/n/10 palabra2|  
 []


Overfull \hbox (33.11046pt too wide) in paragraph at lines 667--668
[]\T1/lmr/m/n/10 palabra3|  
 []


Overfull \hbox (33.11046pt too wide) in paragraph at lines 669--670
[]\T1/lmr/m/n/10 palabra4|  
 []


Overfull \hbox (33.11046pt too wide) in paragraph at lines 671--672
[]\T1/lmr/m/n/10 palabra5|  
 []


Overfull \hbox (18.13873pt too wide) in paragraph at lines 673--674
 []\T1/lmr/m/n/10 votos|
 []


Overfull \hbox (12.01929pt too wide) in paragraph at lines 677--678
[]\T1/lmr/m/n/10 word|  
 []


Overfull \hbox (10.6029pt too wide) in paragraph at lines 682--683
[]\T1/lmr/m/n/10 1000 
 []


Overfull \hbox (19.32536pt too wide) in paragraph at lines 682--683
\T1/lmr/m/n/10 chistes|  
 []


Overfull \hbox (4.40723pt too wide) in paragraph at lines 684--685
[]\T1/lmr/m/n/10 Dime 
 []


Overfull \hbox (4.8242pt too wide) in paragraph at lines 684--685
\T1/lmr/m/n/10 quién 
 []


Overfull \hbox (9.04619pt too wide) in paragraph at lines 684--685
\T1/lmr/m/n/10 das...|  
 []


Overfull \hbox (21.49971pt too wide) in paragraph at lines 686--687
[]\T1/lmr/m/n/10 cortos|  
 []


Overfull \hbox (20.36028pt too wide) in paragraph at lines 688--689
[]\T1/lmr/m/n/10 malos|  
 []


Overfull \hbox (5.6029pt too wide) in paragraph at lines 690--691
[]\T1/lmr/m/n/10 NA|  
 []


Overfull \hbox (5.6029pt too wide) in paragraph at lines 692--693
[]\T1/lmr/m/n/10 NA|  
 []


Overfull \hbox (15.0pt too wide) in paragraph at lines 694--695
[]\T1/lmr/m/n/10 NA|  
 []


Overfull \hbox (11.74953pt too wide) in paragraph at lines 696--697
[]\T1/lmr/m/n/10 feos|  
 []


Overfull \hbox (10.30504pt too wide) in paragraph at lines 698--699
[]\T1/lmr/m/n/10 NA|  
 []


Overfull \hbox (10.30504pt too wide) in paragraph at lines 700--701
[]\T1/lmr/m/n/10 NA|  
 []


Overfull \hbox (10.30504pt too wide) in paragraph at lines 702--703
[]\T1/lmr/m/n/10 NA|  
 []


Overfull \hbox (10.30504pt too wide) in paragraph at lines 704--705
[]\T1/lmr/m/n/10 NA|  
 []


Overfull \hbox (10.30504pt too wide) in paragraph at lines 706--707
 []\T1/lmr/m/n/10 NA|
 []


Overfull \hbox (11.71365pt too wide) in paragraph at lines 711--712
[]\T1/lmr/m/n/10 dime|  
 []


Overfull \hbox (10.6029pt too wide) in paragraph at lines 714--715
[]\T1/lmr/m/n/10 1000 
 []


Overfull \hbox (19.32536pt too wide) in paragraph at lines 714--715
\T1/lmr/m/n/10 chistes|  
 []


Overfull \hbox (4.40723pt too wide) in paragraph at lines 716--717
[]\T1/lmr/m/n/10 Dime 
 []


Overfull \hbox (4.8242pt too wide) in paragraph at lines 716--717
\T1/lmr/m/n/10 quién 
 []


Overfull \hbox (9.04619pt too wide) in paragraph at lines 716--717
\T1/lmr/m/n/10 das...|  
 []


Overfull \hbox (21.49971pt too wide) in paragraph at lines 718--719
[]\T1/lmr/m/n/10 cortos|  
 []


Overfull \hbox (20.36028pt too wide) in paragraph at lines 720--721
[]\T1/lmr/m/n/10 malos|  
 []


Overfull \hbox (5.6029pt too wide) in paragraph at lines 722--723
[]\T1/lmr/m/n/10 NA|  
 []


Overfull \hbox (5.6029pt too wide) in paragraph at lines 724--725
[]\T1/lmr/m/n/10 NA|  
 []


Overfull \hbox (15.0pt too wide) in paragraph at lines 726--727
[]\T1/lmr/m/n/10 NA|  
 []


Overfull \hbox (11.74953pt too wide) in paragraph at lines 728--729
[]\T1/lmr/m/n/10 feos|  
 []


Overfull \hbox (10.30504pt too wide) in paragraph at lines 730--731
[]\T1/lmr/m/n/10 NA|  
 []


Overfull \hbox (10.30504pt too wide) in paragraph at lines 732--733
[]\T1/lmr/m/n/10 NA|  
 []


Overfull \hbox (10.30504pt too wide) in paragraph at lines 734--735
[]\T1/lmr/m/n/10 NA|  
 []


Overfull \hbox (10.30504pt too wide) in paragraph at lines 736--737
[]\T1/lmr/m/n/10 NA|  
 []


Overfull \hbox (10.30504pt too wide) in paragraph at lines 738--739
 []\T1/lmr/m/n/10 NA|
 []


Overfull \hbox (5.6029pt too wide) in paragraph at lines 743--744
[]\T1/lmr/m/n/10 con|  
 []


Overfull \hbox (10.6029pt too wide) in paragraph at lines 746--747
[]\T1/lmr/m/n/10 1000 
 []


Overfull \hbox (19.32536pt too wide) in paragraph at lines 746--747
\T1/lmr/m/n/10 chistes|  
 []


Overfull \hbox (4.40723pt too wide) in paragraph at lines 748--749
[]\T1/lmr/m/n/10 Dime 
 []


Overfull \hbox (4.8242pt too wide) in paragraph at lines 748--749
\T1/lmr/m/n/10 quién 
 []


Overfull \hbox (9.04619pt too wide) in paragraph at lines 748--749
\T1/lmr/m/n/10 das...|  
 []


Overfull \hbox (21.49971pt too wide) in paragraph at lines 750--751
[]\T1/lmr/m/n/10 cortos|  
 []


Overfull \hbox (20.36028pt too wide) in paragraph at lines 752--753
[]\T1/lmr/m/n/10 malos|  
 []


Overfull \hbox (5.6029pt too wide) in paragraph at lines 754--755
[]\T1/lmr/m/n/10 NA|  
 []


Overfull \hbox (5.6029pt too wide) in paragraph at lines 756--757
[]\T1/lmr/m/n/10 NA|  
 []


Overfull \hbox (15.0pt too wide) in paragraph at lines 758--759
[]\T1/lmr/m/n/10 NA|  
 []


Overfull \hbox (11.74953pt too wide) in paragraph at lines 760--761
[]\T1/lmr/m/n/10 feos|  
 []


Overfull \hbox (10.30504pt too wide) in paragraph at lines 762--763
[]\T1/lmr/m/n/10 NA|  
 []


Overfull \hbox (10.30504pt too wide) in paragraph at lines 764--765
[]\T1/lmr/m/n/10 NA|  
 []


Overfull \hbox (10.30504pt too wide) in paragraph at lines 766--767
[]\T1/lmr/m/n/10 NA|  
 []


Overfull \hbox (10.30504pt too wide) in paragraph at lines 768--769
[]\T1/lmr/m/n/10 NA|  
 []


Overfull \hbox (10.30504pt too wide) in paragraph at lines 770--771
 []\T1/lmr/m/n/10 NA|
 []


Overfull \hbox (14.21414pt too wide) in paragraph at lines 775--776
[]\T1/lmr/m/n/10 quién|  
 []


Overfull \hbox (10.6029pt too wide) in paragraph at lines 778--779
[]\T1/lmr/m/n/10 1000 
 []


Overfull \hbox (19.32536pt too wide) in paragraph at lines 778--779
\T1/lmr/m/n/10 chistes|  
 []


Overfull \hbox (4.40723pt too wide) in paragraph at lines 780--781
[]\T1/lmr/m/n/10 Dime 
 []


Overfull \hbox (4.8242pt too wide) in paragraph at lines 780--781
\T1/lmr/m/n/10 quién 
 []


Overfull \hbox (9.04619pt too wide) in paragraph at lines 780--781
\T1/lmr/m/n/10 das...|  
 []


Overfull \hbox (21.49971pt too wide) in paragraph at lines 782--783
[]\T1/lmr/m/n/10 cortos|  
 []


Overfull \hbox (20.36028pt too wide) in paragraph at lines 784--785
[]\T1/lmr/m/n/10 malos|  
 []


Overfull \hbox (5.6029pt too wide) in paragraph at lines 786--787
[]\T1/lmr/m/n/10 NA|  
 []


Overfull \hbox (5.6029pt too wide) in paragraph at lines 788--789
[]\T1/lmr/m/n/10 NA|  
 []


Overfull \hbox (15.0pt too wide) in paragraph at lines 790--791
[]\T1/lmr/m/n/10 NA|  
 []


Overfull \hbox (11.74953pt too wide) in paragraph at lines 792--793
[]\T1/lmr/m/n/10 feos|  
 []


Overfull \hbox (10.30504pt too wide) in paragraph at lines 794--795
[]\T1/lmr/m/n/10 NA|  
 []


Overfull \hbox (10.30504pt too wide) in paragraph at lines 796--797
[]\T1/lmr/m/n/10 NA|  
 []


Overfull \hbox (10.30504pt too wide) in paragraph at lines 798--799
[]\T1/lmr/m/n/10 NA|  
 []


Overfull \hbox (10.30504pt too wide) in paragraph at lines 800--801
[]\T1/lmr/m/n/10 NA|  
 []


Overfull \hbox (10.30504pt too wide) in paragraph at lines 802--803
 []\T1/lmr/m/n/10 NA|
 []


Overfull \hbox (15.65839pt too wide) in paragraph at lines 807--808
[]\T1/lmr/m/n/10 andas|  
 []


Overfull \hbox (10.6029pt too wide) in paragraph at lines 810--811
[]\T1/lmr/m/n/10 1000 
 []


Overfull \hbox (19.32536pt too wide) in paragraph at lines 810--811
\T1/lmr/m/n/10 chistes|  
 []


Overfull \hbox (4.40723pt too wide) in paragraph at lines 812--813
[]\T1/lmr/m/n/10 Dime 
 []


Overfull \hbox (4.8242pt too wide) in paragraph at lines 812--813
\T1/lmr/m/n/10 quién 
 []


Overfull \hbox (9.04619pt too wide) in paragraph at lines 812--813
\T1/lmr/m/n/10 das...|  
 []


Overfull \hbox (21.49971pt too wide) in paragraph at lines 814--815
[]\T1/lmr/m/n/10 cortos|  
 []


Overfull \hbox (20.36028pt too wide) in paragraph at lines 816--817
[]\T1/lmr/m/n/10 malos|  
 []


Overfull \hbox (5.6029pt too wide) in paragraph at lines 818--819
[]\T1/lmr/m/n/10 NA|  
 []


Overfull \hbox (5.6029pt too wide) in paragraph at lines 820--821
[]\T1/lmr/m/n/10 NA|  
 []


Overfull \hbox (15.0pt too wide) in paragraph at lines 822--823
[]\T1/lmr/m/n/10 NA|  
 []


Overfull \hbox (11.74953pt too wide) in paragraph at lines 824--825
[]\T1/lmr/m/n/10 feos|  
 []


Overfull \hbox (10.30504pt too wide) in paragraph at lines 826--827
[]\T1/lmr/m/n/10 NA|  
 []


Overfull \hbox (10.30504pt too wide) in paragraph at lines 828--829
[]\T1/lmr/m/n/10 NA|  
 []


Overfull \hbox (10.30504pt too wide) in paragraph at lines 830--831
[]\T1/lmr/m/n/10 NA|  
 []


Overfull \hbox (10.30504pt too wide) in paragraph at lines 832--833
[]\T1/lmr/m/n/10 NA|  
 []


Overfull \hbox (10.30504pt too wide) in paragraph at lines 834--835
 []\T1/lmr/m/n/10 NA|
 []


Overfull \hbox (10.6029pt too wide) in paragraph at lines 842--843
[]\T1/lmr/m/n/10 1000 
 []


Overfull \hbox (19.32536pt too wide) in paragraph at lines 842--843
\T1/lmr/m/n/10 chistes|  
 []


Overfull \hbox (4.40723pt too wide) in paragraph at lines 844--845
[]\T1/lmr/m/n/10 Dime 
 []


Overfull \hbox (4.8242pt too wide) in paragraph at lines 844--845
\T1/lmr/m/n/10 quién 
 []


Overfull \hbox (9.04619pt too wide) in paragraph at lines 844--845
\T1/lmr/m/n/10 das...|  
 []


Overfull \hbox (21.49971pt too wide) in paragraph at lines 846--847
[]\T1/lmr/m/n/10 cortos|  
 []


Overfull \hbox (20.36028pt too wide) in paragraph at lines 848--849
[]\T1/lmr/m/n/10 malos|  
 []


Overfull \hbox (5.6029pt too wide) in paragraph at lines 850--851
[]\T1/lmr/m/n/10 NA|  
 []


Overfull \hbox (5.6029pt too wide) in paragraph at lines 852--853
[]\T1/lmr/m/n/10 NA|  
 []


Overfull \hbox (15.0pt too wide) in paragraph at lines 854--855
[]\T1/lmr/m/n/10 NA|  
 []


Overfull \hbox (11.74953pt too wide) in paragraph at lines 856--857
[]\T1/lmr/m/n/10 feos|  
 []


Overfull \hbox (10.30504pt too wide) in paragraph at lines 858--859
[]\T1/lmr/m/n/10 NA|  
 []


Overfull \hbox (10.30504pt too wide) in paragraph at lines 860--861
[]\T1/lmr/m/n/10 NA|  
 []


Overfull \hbox (10.30504pt too wide) in paragraph at lines 862--863
[]\T1/lmr/m/n/10 NA|  
 []


Overfull \hbox (10.30504pt too wide) in paragraph at lines 864--865
[]\T1/lmr/m/n/10 NA|  
 []


Overfull \hbox (10.30504pt too wide) in paragraph at lines 866--867
 []\T1/lmr/m/n/10 NA|
 []


Overfull \hbox (10.6029pt too wide) in paragraph at lines 874--875
[]\T1/lmr/m/n/10 1000 
 []


Overfull \hbox (19.32536pt too wide) in paragraph at lines 874--875
\T1/lmr/m/n/10 chistes|  
 []


Overfull \hbox (4.40723pt too wide) in paragraph at lines 876--877
[]\T1/lmr/m/n/10 Dime 
 []


Overfull \hbox (4.8242pt too wide) in paragraph at lines 876--877
\T1/lmr/m/n/10 quién 
 []


Overfull \hbox (9.04619pt too wide) in paragraph at lines 876--877
\T1/lmr/m/n/10 das...|  
 []


Overfull \hbox (21.49971pt too wide) in paragraph at lines 878--879
[]\T1/lmr/m/n/10 cortos|  
 []


Overfull \hbox (20.36028pt too wide) in paragraph at lines 880--881
[]\T1/lmr/m/n/10 malos|  
 []


Overfull \hbox (5.6029pt too wide) in paragraph at lines 882--883
[]\T1/lmr/m/n/10 NA|  
 []


Overfull \hbox (5.6029pt too wide) in paragraph at lines 884--885
[]\T1/lmr/m/n/10 NA|  
 []


Overfull \hbox (15.0pt too wide) in paragraph at lines 886--887
[]\T1/lmr/m/n/10 NA|  
 []


Overfull \hbox (11.74953pt too wide) in paragraph at lines 888--889
[]\T1/lmr/m/n/10 feos|  
 []


Overfull \hbox (10.30504pt too wide) in paragraph at lines 890--891
[]\T1/lmr/m/n/10 NA|  
 []


Overfull \hbox (10.30504pt too wide) in paragraph at lines 892--893
[]\T1/lmr/m/n/10 NA|  
 []


Overfull \hbox (10.30504pt too wide) in paragraph at lines 894--895
[]\T1/lmr/m/n/10 NA|  
 []


Overfull \hbox (10.30504pt too wide) in paragraph at lines 896--897
[]\T1/lmr/m/n/10 NA|  
 []


Overfull \hbox (10.30504pt too wide) in paragraph at lines 898--899
 []\T1/lmr/m/n/10 NA|
 []


Overfull \hbox (7.29733pt too wide) in paragraph at lines 903--904
[]\T1/lmr/m/n/10 diré|  
 []


Overfull \hbox (10.6029pt too wide) in paragraph at lines 906--907
[]\T1/lmr/m/n/10 1000 
 []


Overfull \hbox (19.32536pt too wide) in paragraph at lines 906--907
\T1/lmr/m/n/10 chistes|  
 []


Overfull \hbox (4.40723pt too wide) in paragraph at lines 908--909
[]\T1/lmr/m/n/10 Dime 
 []


Overfull \hbox (4.8242pt too wide) in paragraph at lines 908--909
\T1/lmr/m/n/10 quién 
 []


Overfull \hbox (9.04619pt too wide) in paragraph at lines 908--909
\T1/lmr/m/n/10 das...|  
 []


Overfull \hbox (21.49971pt too wide) in paragraph at lines 910--911
[]\T1/lmr/m/n/10 cortos|  
 []


Overfull \hbox (20.36028pt too wide) in paragraph at lines 912--913
[]\T1/lmr/m/n/10 malos|  
 []


Overfull \hbox (5.6029pt too wide) in paragraph at lines 914--915
[]\T1/lmr/m/n/10 NA|  
 []


Overfull \hbox (5.6029pt too wide) in paragraph at lines 916--917
[]\T1/lmr/m/n/10 NA|  
 []


Overfull \hbox (15.0pt too wide) in paragraph at lines 918--919
[]\T1/lmr/m/n/10 NA|  
 []


Overfull \hbox (11.74953pt too wide) in paragraph at lines 920--921
[]\T1/lmr/m/n/10 feos|  
 []


Overfull \hbox (10.30504pt too wide) in paragraph at lines 922--923
[]\T1/lmr/m/n/10 NA|  
 []


Overfull \hbox (10.30504pt too wide) in paragraph at lines 924--925
[]\T1/lmr/m/n/10 NA|  
 []


Overfull \hbox (10.30504pt too wide) in paragraph at lines 926--927
[]\T1/lmr/m/n/10 NA|  
 []


Overfull \hbox (10.30504pt too wide) in paragraph at lines 928--929
[]\T1/lmr/m/n/10 NA|  
 []


Overfull \hbox (10.30504pt too wide) in paragraph at lines 930--931
 []\T1/lmr/m/n/10 NA|
 []


Overfull \hbox (14.21414pt too wide) in paragraph at lines 935--936
[]\T1/lmr/m/n/10 quién|  
 []


Overfull \hbox (10.6029pt too wide) in paragraph at lines 938--939
[]\T1/lmr/m/n/10 1000 
 []


Overfull \hbox (19.32536pt too wide) in paragraph at lines 938--939
\T1/lmr/m/n/10 chistes|  
 []


Overfull \hbox (4.40723pt too wide) in paragraph at lines 940--941
[]\T1/lmr/m/n/10 Dime 
 []


Overfull \hbox (4.8242pt too wide) in paragraph at lines 940--941
\T1/lmr/m/n/10 quién 
 []


Overfull \hbox (9.04619pt too wide) in paragraph at lines 940--941
\T1/lmr/m/n/10 das...|  
 []


Overfull \hbox (21.49971pt too wide) in paragraph at lines 942--943
[]\T1/lmr/m/n/10 cortos|  
 []


Overfull \hbox (20.36028pt too wide) in paragraph at lines 944--945
[]\T1/lmr/m/n/10 malos|  
 []


Overfull \hbox (5.6029pt too wide) in paragraph at lines 946--947
[]\T1/lmr/m/n/10 NA|  
 []


Overfull \hbox (5.6029pt too wide) in paragraph at lines 948--949
[]\T1/lmr/m/n/10 NA|  
 []


Overfull \hbox (15.0pt too wide) in paragraph at lines 950--951
[]\T1/lmr/m/n/10 NA|  
 []


Overfull \hbox (11.74953pt too wide) in paragraph at lines 952--953
[]\T1/lmr/m/n/10 feos|  
 []


Overfull \hbox (10.30504pt too wide) in paragraph at lines 954--955
[]\T1/lmr/m/n/10 NA|  
 []


Overfull \hbox (10.30504pt too wide) in paragraph at lines 956--957
[]\T1/lmr/m/n/10 NA|  
 []


Overfull \hbox (10.30504pt too wide) in paragraph at lines 958--959
[]\T1/lmr/m/n/10 NA|  
 []


Overfull \hbox (10.30504pt too wide) in paragraph at lines 960--961
[]\T1/lmr/m/n/10 NA|  
 []


Overfull \hbox (10.30504pt too wide) in paragraph at lines 962--963
 []\T1/lmr/m/n/10 NA|
 []


Overfull \hbox (7.35307pt too wide) in paragraph at lines 967--968
[]\T1/lmr/m/n/10 eres|  
 []


Overfull \hbox (10.6029pt too wide) in paragraph at lines 970--971
[]\T1/lmr/m/n/10 1000 
 []


Overfull \hbox (19.32536pt too wide) in paragraph at lines 970--971
\T1/lmr/m/n/10 chistes|  
 []


Overfull \hbox (4.40723pt too wide) in paragraph at lines 972--973
[]\T1/lmr/m/n/10 Dime 
 []


Overfull \hbox (4.8242pt too wide) in paragraph at lines 972--973
\T1/lmr/m/n/10 quién 
 []


Overfull \hbox (9.04619pt too wide) in paragraph at lines 972--973
\T1/lmr/m/n/10 das...|  
 []


Overfull \hbox (21.49971pt too wide) in paragraph at lines 974--975
[]\T1/lmr/m/n/10 cortos|  
 []


Overfull \hbox (20.36028pt too wide) in paragraph at lines 976--977
[]\T1/lmr/m/n/10 malos|  
 []


Overfull \hbox (5.6029pt too wide) in paragraph at lines 978--979
[]\T1/lmr/m/n/10 NA|  
 []


Overfull \hbox (5.6029pt too wide) in paragraph at lines 980--981
[]\T1/lmr/m/n/10 NA|  
 []


Overfull \hbox (15.0pt too wide) in paragraph at lines 982--983
[]\T1/lmr/m/n/10 NA|  
 []


Overfull \hbox (11.74953pt too wide) in paragraph at lines 984--985
[]\T1/lmr/m/n/10 feos|  
 []


Overfull \hbox (10.30504pt too wide) in paragraph at lines 986--987
[]\T1/lmr/m/n/10 NA|  
 []


Overfull \hbox (10.30504pt too wide) in paragraph at lines 988--989
[]\T1/lmr/m/n/10 NA|  
 []


Overfull \hbox (10.30504pt too wide) in paragraph at lines 990--991
[]\T1/lmr/m/n/10 NA|  
 []


Overfull \hbox (10.30504pt too wide) in paragraph at lines 992--993
[]\T1/lmr/m/n/10 NA|  
 []


Overfull \hbox (10.30504pt too wide) in paragraph at lines 994--995
 []\T1/lmr/m/n/10 NA|
 []


Overfull \hbox (1.1584pt too wide) in paragraph at lines 999--1000
[]\T1/lmr/m/n/10 no|  
 []


Overfull \hbox (10.6029pt too wide) in paragraph at lines 1002--1003
[]\T1/lmr/m/n/10 1000 
 []


Overfull \hbox (19.32536pt too wide) in paragraph at lines 1002--1003
\T1/lmr/m/n/10 chistes|  
 []


Overfull \hbox (4.40723pt too wide) in paragraph at lines 1004--1005
[]\T1/lmr/m/n/10 Dime 
 []


Overfull \hbox (4.8242pt too wide) in paragraph at lines 1004--1005
\T1/lmr/m/n/10 quién 
 []


Overfull \hbox (9.04619pt too wide) in paragraph at lines 1004--1005
\T1/lmr/m/n/10 das...|  
 []


Overfull \hbox (21.49971pt too wide) in paragraph at lines 1006--1007
[]\T1/lmr/m/n/10 cortos|  
 []


Overfull \hbox (20.36028pt too wide) in paragraph at lines 1008--1009
[]\T1/lmr/m/n/10 malos|  
 []


Overfull \hbox (5.6029pt too wide) in paragraph at lines 1010--1011
[]\T1/lmr/m/n/10 NA|  
 []


Overfull \hbox (5.6029pt too wide) in paragraph at lines 1012--1013
[]\T1/lmr/m/n/10 NA|  
 []


Overfull \hbox (15.0pt too wide) in paragraph at lines 1014--1015
[]\T1/lmr/m/n/10 NA|  
 []


Overfull \hbox (11.74953pt too wide) in paragraph at lines 1016--1017
[]\T1/lmr/m/n/10 feos|  
 []


Overfull \hbox (10.30504pt too wide) in paragraph at lines 1018--1019
[]\T1/lmr/m/n/10 NA|  
 []


Overfull \hbox (10.30504pt too wide) in paragraph at lines 1020--1021
[]\T1/lmr/m/n/10 NA|  
 []


Overfull \hbox (10.30504pt too wide) in paragraph at lines 1022--1023
[]\T1/lmr/m/n/10 NA|  
 []


Overfull \hbox (10.30504pt too wide) in paragraph at lines 1024--1025
[]\T1/lmr/m/n/10 NA|  
 []


Overfull \hbox (10.30504pt too wide) in paragraph at lines 1026--1027
 []\T1/lmr/m/n/10 NA|
 []


Overfull \hbox (11.7139pt too wide) in paragraph at lines 1031--1032
[]\T1/lmr/m/n/10 ando|  
 []


Overfull \hbox (10.6029pt too wide) in paragraph at lines 1034--1035
[]\T1/lmr/m/n/10 1000 
 []


Overfull \hbox (19.32536pt too wide) in paragraph at lines 1034--1035
\T1/lmr/m/n/10 chistes|  
 []


Overfull \hbox (4.40723pt too wide) in paragraph at lines 1036--1037
[]\T1/lmr/m/n/10 Dime 
 []


Overfull \hbox (4.8242pt too wide) in paragraph at lines 1036--1037
\T1/lmr/m/n/10 quién 
 []


Overfull \hbox (9.04619pt too wide) in paragraph at lines 1036--1037
\T1/lmr/m/n/10 das...|  
 []


Overfull \hbox (21.49971pt too wide) in paragraph at lines 1038--1039
[]\T1/lmr/m/n/10 cortos|  
 []


Overfull \hbox (20.36028pt too wide) in paragraph at lines 1040--1041
[]\T1/lmr/m/n/10 malos|  
 []


Overfull \hbox (5.6029pt too wide) in paragraph at lines 1042--1043
[]\T1/lmr/m/n/10 NA|  
 []


Overfull \hbox (5.6029pt too wide) in paragraph at lines 1044--1045
[]\T1/lmr/m/n/10 NA|  
 []


Overfull \hbox (15.0pt too wide) in paragraph at lines 1046--1047
[]\T1/lmr/m/n/10 NA|  
 []


Overfull \hbox (11.74953pt too wide) in paragraph at lines 1048--1049
[]\T1/lmr/m/n/10 feos|  
 []


Overfull \hbox (10.30504pt too wide) in paragraph at lines 1050--1051
[]\T1/lmr/m/n/10 NA|  
 []


Overfull \hbox (10.30504pt too wide) in paragraph at lines 1052--1053
[]\T1/lmr/m/n/10 NA|  
 []


Overfull \hbox (10.30504pt too wide) in paragraph at lines 1054--1055
[]\T1/lmr/m/n/10 NA|  
 []


Overfull \hbox (10.30504pt too wide) in paragraph at lines 1056--1057
[]\T1/lmr/m/n/10 NA|  
 []


Overfull \hbox (10.30504pt too wide) in paragraph at lines 1058--1059
 []\T1/lmr/m/n/10 NA|
 []


Overfull \hbox (5.6029pt too wide) in paragraph at lines 1063--1064
[]\T1/lmr/m/n/10 con|  
 []


Overfull \hbox (10.6029pt too wide) in paragraph at lines 1066--1067
[]\T1/lmr/m/n/10 1000 
 []


Overfull \hbox (19.32536pt too wide) in paragraph at lines 1066--1067
\T1/lmr/m/n/10 chistes|  
 []


Overfull \hbox (4.40723pt too wide) in paragraph at lines 1068--1069
[]\T1/lmr/m/n/10 Dime 
 []


Overfull \hbox (4.8242pt too wide) in paragraph at lines 1068--1069
\T1/lmr/m/n/10 quién 
 []


Overfull \hbox (9.04619pt too wide) in paragraph at lines 1068--1069
\T1/lmr/m/n/10 das...|  
 []


Overfull \hbox (21.49971pt too wide) in paragraph at lines 1070--1071
[]\T1/lmr/m/n/10 cortos|  
 []


Overfull \hbox (20.36028pt too wide) in paragraph at lines 1072--1073
[]\T1/lmr/m/n/10 malos|  
 []


Overfull \hbox (5.6029pt too wide) in paragraph at lines 1074--1075
[]\T1/lmr/m/n/10 NA|  
 []


Overfull \hbox (5.6029pt too wide) in paragraph at lines 1076--1077
[]\T1/lmr/m/n/10 NA|  
 []


Overfull \hbox (15.0pt too wide) in paragraph at lines 1078--1079
[]\T1/lmr/m/n/10 NA|  
 []


Overfull \hbox (11.74953pt too wide) in paragraph at lines 1080--1081
[]\T1/lmr/m/n/10 feos|  
 []


Overfull \hbox (10.30504pt too wide) in paragraph at lines 1082--1083
[]\T1/lmr/m/n/10 NA|  
 []


Overfull \hbox (10.30504pt too wide) in paragraph at lines 1084--1085
[]\T1/lmr/m/n/10 NA|  
 []


Overfull \hbox (10.30504pt too wide) in paragraph at lines 1086--1087
[]\T1/lmr/m/n/10 NA|  
 []


Overfull \hbox (10.30504pt too wide) in paragraph at lines 1088--1089
[]\T1/lmr/m/n/10 NA|  
 []


Overfull \hbox (10.30504pt too wide) in paragraph at lines 1090--1091
 []\T1/lmr/m/n/10 NA|
 []


Overfull \hbox (13.93616pt too wide) in paragraph at lines 1095--1096
[]\T1/lmr/m/n/10 nadie|  
 []


Overfull \hbox (10.6029pt too wide) in paragraph at lines 1098--1099
[]\T1/lmr/m/n/10 1000 
 []


Overfull \hbox (19.32536pt too wide) in paragraph at lines 1098--1099
\T1/lmr/m/n/10 chistes|  
 []


Overfull \hbox (4.40723pt too wide) in paragraph at lines 1100--1101
[]\T1/lmr/m/n/10 Dime 
 []


Overfull \hbox (4.8242pt too wide) in paragraph at lines 1100--1101
\T1/lmr/m/n/10 quién 
 []


Overfull \hbox (9.04619pt too wide) in paragraph at lines 1100--1101
\T1/lmr/m/n/10 das...|  
 []


Overfull \hbox (21.49971pt too wide) in paragraph at lines 1102--1103
[]\T1/lmr/m/n/10 cortos|  
 []


Overfull \hbox (20.36028pt too wide) in paragraph at lines 1104--1105
[]\T1/lmr/m/n/10 malos|  
 []


Overfull \hbox (5.6029pt too wide) in paragraph at lines 1106--1107
[]\T1/lmr/m/n/10 NA|  
 []


Overfull \hbox (5.6029pt too wide) in paragraph at lines 1108--1109
[]\T1/lmr/m/n/10 NA|  
 []


Overfull \hbox (15.0pt too wide) in paragraph at lines 1110--1111
[]\T1/lmr/m/n/10 NA|  
 []


Overfull \hbox (11.74953pt too wide) in paragraph at lines 1112--1113
[]\T1/lmr/m/n/10 feos|  
 []


Overfull \hbox (10.30504pt too wide) in paragraph at lines 1114--1115
[]\T1/lmr/m/n/10 NA|  
 []


Overfull \hbox (10.30504pt too wide) in paragraph at lines 1116--1117
[]\T1/lmr/m/n/10 NA|  
 []


Overfull \hbox (10.30504pt too wide) in paragraph at lines 1118--1119
[]\T1/lmr/m/n/10 NA|  
 []


Overfull \hbox (10.30504pt too wide) in paragraph at lines 1120--1121
[]\T1/lmr/m/n/10 NA|  
 []


Overfull \hbox (10.30504pt too wide) in paragraph at lines 1122--1123
 []\T1/lmr/m/n/10 NA|
 []


Overfull \hbox (7.35307pt too wide) in paragraph at lines 1127--1128
[]\T1/lmr/m/n/10 eres|  
 []


Overfull \hbox (10.6029pt too wide) in paragraph at lines 1130--1131
[]\T1/lmr/m/n/10 1000 
 []


Overfull \hbox (19.32536pt too wide) in paragraph at lines 1130--1131
\T1/lmr/m/n/10 chistes|  
 []


Overfull \hbox (4.40723pt too wide) in paragraph at lines 1132--1133
[]\T1/lmr/m/n/10 Dime 
 []


Overfull \hbox (4.8242pt too wide) in paragraph at lines 1132--1133
\T1/lmr/m/n/10 quién 
 []


Overfull \hbox (9.04619pt too wide) in paragraph at lines 1132--1133
\T1/lmr/m/n/10 das...|  
 []


Overfull \hbox (21.49971pt too wide) in paragraph at lines 1134--1135
[]\T1/lmr/m/n/10 cortos|  
 []


Overfull \hbox (20.36028pt too wide) in paragraph at lines 1136--1137
[]\T1/lmr/m/n/10 malos|  
 []


Overfull \hbox (5.6029pt too wide) in paragraph at lines 1138--1139
[]\T1/lmr/m/n/10 NA|  
 []


Overfull \hbox (5.6029pt too wide) in paragraph at lines 1140--1141
[]\T1/lmr/m/n/10 NA|  
 []


Overfull \hbox (15.0pt too wide) in paragraph at lines 1142--1143
[]\T1/lmr/m/n/10 NA|  
 []


Overfull \hbox (11.74953pt too wide) in paragraph at lines 1144--1145
[]\T1/lmr/m/n/10 feos|  
 []


Overfull \hbox (10.30504pt too wide) in paragraph at lines 1146--1147
[]\T1/lmr/m/n/10 NA|  
 []


Overfull \hbox (10.30504pt too wide) in paragraph at lines 1148--1149
[]\T1/lmr/m/n/10 NA|  
 []


Overfull \hbox (10.30504pt too wide) in paragraph at lines 1150--1151
[]\T1/lmr/m/n/10 NA|  
 []


Overfull \hbox (10.30504pt too wide) in paragraph at lines 1152--1153
[]\T1/lmr/m/n/10 NA|  
 []


Overfull \hbox (10.30504pt too wide) in paragraph at lines 1154--1155
 []\T1/lmr/m/n/10 NA|
 []


Overfull \hbox (3.1029pt too wide) in paragraph at lines 1159--1160
[]\T1/lmr/m/n/10 feo|  
 []


Overfull \hbox (10.6029pt too wide) in paragraph at lines 1162--1163
[]\T1/lmr/m/n/10 1000 
 []


Overfull \hbox (19.32536pt too wide) in paragraph at lines 1162--1163
\T1/lmr/m/n/10 chistes|  
 []


Overfull \hbox (30.10173pt too wide) in paragraph at lines 1164--1165
\T1/lmr/m/n/10 automática|  
 []


Overfull \hbox (21.49971pt too wide) in paragraph at lines 1166--1167
[]\T1/lmr/m/n/10 cortos|  
 []


Overfull \hbox (20.36028pt too wide) in paragraph at lines 1168--1169
[]\T1/lmr/m/n/10 malos|  
 []


Overfull \hbox (32.93623pt too wide) in paragraph at lines 1170--1171
[]\T1/lmr/m/n/10 borrachos|  
 []


Overfull \hbox (45.13007pt too wide) in paragraph at lines 1172--1173
[]\T1/lmr/m/n/10 matrimonios|  
 []


Overfull \hbox (15.0pt too wide) in paragraph at lines 1174--1175
[]\T1/lmr/m/n/10 NA|  
 []


Overfull \hbox (27.6109pt too wide) in paragraph at lines 1176--1177
[]\T1/lmr/m/n/10 neveras|  
 []


Overfull \hbox (10.30504pt too wide) in paragraph at lines 1178--1179
[]\T1/lmr/m/n/10 NA|  
 []


Overfull \hbox (10.30504pt too wide) in paragraph at lines 1180--1181
[]\T1/lmr/m/n/10 NA|  
 []


Overfull \hbox (10.30504pt too wide) in paragraph at lines 1182--1183
[]\T1/lmr/m/n/10 NA|  
 []


Overfull \hbox (10.30504pt too wide) in paragraph at lines 1184--1185
[]\T1/lmr/m/n/10 NA|  
 []


Overfull \hbox (10.30504pt too wide) in paragraph at lines 1186--1187
 []\T1/lmr/m/n/10 NA|
 []


Overfull \hbox (10.6029pt too wide) in paragraph at lines 1196--1197
[]\T1/lmr/m/n/10 1000 
 []


Overfull \hbox (19.32536pt too wide) in paragraph at lines 1196--1197
\T1/lmr/m/n/10 chistes|  
 []


Overfull \hbox (30.10173pt too wide) in paragraph at lines 1198--1199
\T1/lmr/m/n/10 automática|  
 []


Overfull \hbox (21.49971pt too wide) in paragraph at lines 1200--1201
[]\T1/lmr/m/n/10 cortos|  
 []


Overfull \hbox (20.36028pt too wide) in paragraph at lines 1202--1203
[]\T1/lmr/m/n/10 malos|  
 []


Overfull \hbox (32.93623pt too wide) in paragraph at lines 1204--1205
[]\T1/lmr/m/n/10 borrachos|  
 []


Overfull \hbox (45.13007pt too wide) in paragraph at lines 1206--1207
[]\T1/lmr/m/n/10 matrimonios|  
 []


Overfull \hbox (15.0pt too wide) in paragraph at lines 1208--1209
[]\T1/lmr/m/n/10 NA|  
 []


Overfull \hbox (27.6109pt too wide) in paragraph at lines 1210--1211
[]\T1/lmr/m/n/10 neveras|  
 []


Overfull \hbox (10.30504pt too wide) in paragraph at lines 1212--1213
[]\T1/lmr/m/n/10 NA|  
 []


Overfull \hbox (10.30504pt too wide) in paragraph at lines 1214--1215
[]\T1/lmr/m/n/10 NA|  
 []


Overfull \hbox (10.30504pt too wide) in paragraph at lines 1216--1217
[]\T1/lmr/m/n/10 NA|  
 []


Overfull \hbox (10.30504pt too wide) in paragraph at lines 1218--1219
[]\T1/lmr/m/n/10 NA|  
 []


Overfull \hbox (10.30504pt too wide) in paragraph at lines 1220--1221
 []\T1/lmr/m/n/10 NA|
 []


Overfull \hbox (10.6029pt too wide) in paragraph at lines 1230--1231
[]\T1/lmr/m/n/10 1000 
 []


Overfull \hbox (19.32536pt too wide) in paragraph at lines 1230--1231
\T1/lmr/m/n/10 chistes|  
 []


Overfull \hbox (30.10173pt too wide) in paragraph at lines 1232--1233
\T1/lmr/m/n/10 automática|  
 []


Overfull \hbox (21.49971pt too wide) in paragraph at lines 1234--1235
[]\T1/lmr/m/n/10 cortos|  
 []


Overfull \hbox (20.36028pt too wide) in paragraph at lines 1236--1237
[]\T1/lmr/m/n/10 malos|  
 []


Overfull \hbox (32.93623pt too wide) in paragraph at lines 1238--1239
[]\T1/lmr/m/n/10 borrachos|  
 []


Overfull \hbox (45.13007pt too wide) in paragraph at lines 1240--1241
[]\T1/lmr/m/n/10 matrimonios|  
 []


Overfull \hbox (15.0pt too wide) in paragraph at lines 1242--1243
[]\T1/lmr/m/n/10 NA|  
 []


Overfull \hbox (27.6109pt too wide) in paragraph at lines 1244--1245
[]\T1/lmr/m/n/10 neveras|  
 []


Overfull \hbox (10.30504pt too wide) in paragraph at lines 1246--1247
[]\T1/lmr/m/n/10 NA|  
 []


Overfull \hbox (10.30504pt too wide) in paragraph at lines 1248--1249
[]\T1/lmr/m/n/10 NA|  
 []


Overfull \hbox (10.30504pt too wide) in paragraph at lines 1250--1251
[]\T1/lmr/m/n/10 NA|  
 []


Overfull \hbox (10.30504pt too wide) in paragraph at lines 1252--1253
[]\T1/lmr/m/n/10 NA|  
 []


Overfull \hbox (10.30504pt too wide) in paragraph at lines 1254--1255
 []\T1/lmr/m/n/10 NA|
 []


Overfull \hbox (21.18582pt too wide) in paragraph at lines 1261--1262
[]\T1/lmr/m/n/10 marido|  
 []


Overfull \hbox (10.6029pt too wide) in paragraph at lines 1264--1265
[]\T1/lmr/m/n/10 1000 
 []


Overfull \hbox (19.32536pt too wide) in paragraph at lines 1264--1265
\T1/lmr/m/n/10 chistes|  
 []


Overfull \hbox (30.10173pt too wide) in paragraph at lines 1266--1267
\T1/lmr/m/n/10 automática|  
 []


Overfull \hbox (21.49971pt too wide) in paragraph at lines 1268--1269
[]\T1/lmr/m/n/10 cortos|  
 []


Overfull \hbox (20.36028pt too wide) in paragraph at lines 1270--1271
[]\T1/lmr/m/n/10 malos|  
 []


Overfull \hbox (32.93623pt too wide) in paragraph at lines 1272--1273
[]\T1/lmr/m/n/10 borrachos|  
 []


Overfull \hbox (45.13007pt too wide) in paragraph at lines 1274--1275
[]\T1/lmr/m/n/10 matrimonios|  
 []


Overfull \hbox (15.0pt too wide) in paragraph at lines 1276--1277
[]\T1/lmr/m/n/10 NA|  
 []


Overfull \hbox (27.6109pt too wide) in paragraph at lines 1278--1279
[]\T1/lmr/m/n/10 neveras|  
 []


Overfull \hbox (10.30504pt too wide) in paragraph at lines 1280--1281
[]\T1/lmr/m/n/10 NA|  
 []


Overfull \hbox (10.30504pt too wide) in paragraph at lines 1282--1283
[]\T1/lmr/m/n/10 NA|  
 []


Overfull \hbox (10.30504pt too wide) in paragraph at lines 1284--1285
[]\T1/lmr/m/n/10 NA|  
 []


Overfull \hbox (10.30504pt too wide) in paragraph at lines 1286--1287
[]\T1/lmr/m/n/10 NA|  
 []


Overfull \hbox (10.30504pt too wide) in paragraph at lines 1288--1289
 []\T1/lmr/m/n/10 NA|
 []


Overfull \hbox (56.43588pt too wide) in paragraph at lines 1295--1296
[]\T1/lmr/m/n/10 completamente|  
 []


Overfull \hbox (10.6029pt too wide) in paragraph at lines 1298--1299
[]\T1/lmr/m/n/10 1000 
 []


Overfull \hbox (19.32536pt too wide) in paragraph at lines 1298--1299
\T1/lmr/m/n/10 chistes|  
 []


Overfull \hbox (30.10173pt too wide) in paragraph at lines 1300--1301
\T1/lmr/m/n/10 automática|  
 []


Overfull \hbox (21.49971pt too wide) in paragraph at lines 1302--1303
[]\T1/lmr/m/n/10 cortos|  
 []


Overfull \hbox (20.36028pt too wide) in paragraph at lines 1304--1305
[]\T1/lmr/m/n/10 malos|  
 []


Overfull \hbox (32.93623pt too wide) in paragraph at lines 1306--1307
[]\T1/lmr/m/n/10 borrachos|  
 []


Overfull \hbox (45.13007pt too wide) in paragraph at lines 1308--1309
[]\T1/lmr/m/n/10 matrimonios|  
 []


Overfull \hbox (15.0pt too wide) in paragraph at lines 1310--1311
[]\T1/lmr/m/n/10 NA|  
 []


Overfull \hbox (27.6109pt too wide) in paragraph at lines 1312--1313
[]\T1/lmr/m/n/10 neveras|  
 []


Overfull \hbox (10.30504pt too wide) in paragraph at lines 1314--1315
[]\T1/lmr/m/n/10 NA|  
 []


Overfull \hbox (10.30504pt too wide) in paragraph at lines 1316--1317
[]\T1/lmr/m/n/10 NA|  
 []


Overfull \hbox (10.30504pt too wide) in paragraph at lines 1318--1319
[]\T1/lmr/m/n/10 NA|  
 []


Overfull \hbox (10.30504pt too wide) in paragraph at lines 1320--1321
[]\T1/lmr/m/n/10 NA|  
 []


Overfull \hbox (10.30504pt too wide) in paragraph at lines 1322--1323
 []\T1/lmr/m/n/10 NA|
 []


Overfull \hbox (28.99174pt too wide) in paragraph at lines 1329--1330
[]\T1/lmr/m/n/10 borracho|  
 []

[5] [6] [7]
LaTeX Font Info:    Trying to load font information for TS1+lmtt on input line 1419.
(/home/x1r/.TinyTeX/texmf-dist/tex/latex/lm/ts1lmtt.fd
File: ts1lmtt.fd 2015/05/01 v1.6.1 Font defs for Latin Modern
) [8]
LaTeX Font Info:    External font `lmex10' loaded for size
(Font)              <10> on input line 1521.
LaTeX Font Info:    External font `lmex10' loaded for size
(Font)              <7> on input line 1521.
LaTeX Font Info:    External font `lmex10' loaded for size
(Font)              <5> on input line 1521.
[9]
Overfull \hbox (11.41019pt too wide) in paragraph at lines 1602--1603
[]\T1/lmr/m/n/10 word_curada|  
 []


Overfull \hbox (0.6029pt too wide) in paragraph at lines 1629--1630
 []\T1/lmr/m/n/10 10|
 []


Overfull \hbox (0.6029pt too wide) in paragraph at lines 1647--1648
 []\T1/lmr/m/n/10 76|
 []


Overfull \hbox (4.14049pt too wide) in paragraph at lines 1664--1665
[]\T1/lmr/m/n/10 abecedario|  
 []


Overfull \hbox (0.6029pt too wide) in paragraph at lines 1684--1685
 []\T1/lmr/m/n/10 12|
 []


Overfull \hbox (0.6029pt too wide) in paragraph at lines 1702--1703
 []\T1/lmr/m/n/10 66|
 []


Overfull \hbox (0.6029pt too wide) in paragraph at lines 1711--1712
 []\T1/lmr/m/n/10 10|
 []


Overfull \hbox (41.51492pt too wide) in paragraph at lines 1724--1725
[]\T1/lmr/m/n/10 avienta,ablienta,ambienta,abierta,asienta,alienta,habiente,enrabieta,tienta,entablen|  
 []


Overfull \hbox (4.67015pt too wide) in paragraph at lines 1776--1777
[]\T1/lmr/m/n/10 habitaciÃ\TS1/lmr/m/n/10 ³\T1/lmr/m/n/10 n|  
 []

[10] [11] [12]
Overfull \hbox (7.99359pt too wide) in paragraph at lines 2017--2017
[]\T1/lmtt/m/n/10 ##  chr [1:7169] "dime con quién andas y te diré quién eres no ando con nadie eres feo" ...[] 
 []

[13] [14] [15]
<Enunciado_taller2_chistes_con_metadatos_files/figure-latex/unnamed-chunk-17-1.pdf, id=108, 449.68pt x 278.03876pt>
File: Enunciado_taller2_chistes_con_metadatos_files/figure-latex/unnamed-chunk-17-1.pdf Graphic file (type pdf)
<use Enunciado_taller2_chistes_con_metadatos_files/figure-latex/unnamed-chunk-17-1.pdf>
Package pdftex.def Info: Enunciado_taller2_chistes_con_metadatos_files/figure-latex/unnamed-chunk-17-1.pdf  used on input line 2224.
(pdftex.def)             Requested size: 449.68575pt x 278.04231pt.
[16] [17 <./Enunciado_taller2_chistes_con_metadatos_files/figure-latex/unnamed-chunk-17-1.pdf>] [18] (./Enunciado_taller2_chistes_con_metadatos.aux)

LaTeX Warning: Label(s) may have changed. Rerun to get cross-references right.


Package rerunfilecheck Warning: File `Enunciado_taller2_chistes_con_metadatos.out' has changed.
(rerunfilecheck)                Rerun to get outlines right
(rerunfilecheck)                or use package `bookmark'.

Package rerunfilecheck Info: Checksums for `Enunciado_taller2_chistes_con_metadatos.out':
(rerunfilecheck)             Before: <no file>
(rerunfilecheck)             After:  B925D1A0B592EBAAB3BAFB5FA22EF4BC;2948.
 ) 
Here is how much of TeX's memory you used:
 11486 strings out of 480235
 180632 string characters out of 5893500
 541068 words of memory out of 5000000
 29164 multiletter control sequences out of 15000+600000
 516170 words of font info for 71 fonts, out of 8000000 for 9000
 14 hyphenation exceptions out of 8191
 72i,5n,77p,571b,466s stack positions out of 10000i,1000n,20000p,200000b,200000s
{/home/x1r/.TinyTeX/texmf-dist/fonts/enc/dvips/lm/lm-rm.enc}{/home/x1r/.TinyTeX/texmf-dist/fonts/enc/dvips/lm/lm-mathit.enc}{/home/x1r/.TinyTeX/texmf-dist/fonts/enc/dvips/lm/lm-ec.enc}{/home/x1r/.TinyTeX/texmf-dist/fonts/enc/dvips/lm/lm-ts1.enc}</home/x1r/.TinyTeX/texmf-dist/fonts/type1/public/lm/lmbx10.pfb></home/x1r/.TinyTeX/texmf-dist/fonts/type1/public/lm/lmbx12.pfb></home/x1r/.TinyTeX/texmf-dist/fonts/type1/public/lm/lmmi10.pfb></home/x1r/.TinyTeX/texmf-dist/fonts/type1/public/lm/lmmi7.pfb></home/x1r/.TinyTeX/texmf-dist/fonts/type1/public/lm/lmr10.pfb></home/x1r/.TinyTeX/texmf-dist/fonts/type1/public/lm/lmr12.pfb></home/x1r/.TinyTeX/texmf-dist/fonts/type1/public/lm/lmr17.pfb></home/x1r/.TinyTeX/texmf-dist/fonts/type1/public/lm/lmtk10.pfb></home/x1r/.TinyTeX/texmf-dist/fonts/type1/public/lm/lmtt10.pfb></home/x1r/.TinyTeX/texmf-dist/fonts/type1/public/lm/lmtti10.pfb>
Output written on Enunciado_taller2_chistes_con_metadatos.pdf (18 pages, 1189099 bytes).
PDF statistics:
 205 PDF objects out of 1000 (max. 8388607)
 157 compressed objects within 2 object streams
 51 named destinations out of 1000 (max. 500000)
 6 words of extra memory for PDF output out of 10000 (max. 10000000)

